<?xml version="1.0" encoding="UTF-8"?>
<testsuite xmlns:xsi="http://www.w3.org/2001/XMLSchema-instance" xsi:noNamespaceSchemaLocation="https://maven.apache.org/surefire/maven-surefire-plugin/xsd/surefire-test-report.xsd" name="com.jf.school.SchoolApplicationTests" time="22.79" tests="1" errors="0" skipped="0" failures="0">
  <properties>
    <property name="sun.desktop" value="windows"/>
    <property name="awt.toolkit" value="sun.awt.windows.WToolkit"/>
    <property name="file.encoding.pkg" value="sun.io"/>
    <property name="java.specification.version" value="1.8"/>
    <property name="sun.cpu.isalist" value="amd64"/>
    <property name="sun.jnu.encoding" value="GBK"/>
    <property name="java.class.path" value="E:\school\school-jav\target\test-classes;E:\school\school-jav\target\classes;D:\MAVEN\cangku\com\alibaba\druid\1.1.17\druid-1.1.17.jar;D:\MAVEN\cangku\tk\mybatis\mapper-spring-boot-starter\2.1.5\mapper-spring-boot-starter-2.1.5.jar;D:\MAVEN\cangku\org\springframework\boot\spring-boot-starter\2.2.5.RELEASE\spring-boot-starter-2.2.5.RELEASE.jar;D:\MAVEN\cangku\org\springframework\boot\spring-boot-starter-logging\2.2.5.RELEASE\spring-boot-starter-logging-2.2.5.RELEASE.jar;D:\MAVEN\cangku\ch\qos\logback\logback-classic\1.2.3\logback-classic-1.2.3.jar;D:\MAVEN\cangku\ch\qos\logback\logback-core\1.2.3\logback-core-1.2.3.jar;D:\MAVEN\cangku\org\apache\logging\log4j\log4j-to-slf4j\2.12.1\log4j-to-slf4j-2.12.1.jar;D:\MAVEN\cangku\org\apache\logging\log4j\log4j-api\2.12.1\log4j-api-2.12.1.jar;D:\MAVEN\cangku\org\slf4j\jul-to-slf4j\1.7.30\jul-to-slf4j-1.7.30.jar;D:\MAVEN\cangku\jakarta\annotation\jakarta.annotation-api\1.3.5\jakarta.annotation-api-1.3.5.jar;D:\MAVEN\cangku\org\yaml\snakeyaml\1.25\snakeyaml-1.25.jar;D:\MAVEN\cangku\org\springframework\boot\spring-boot-starter-jdbc\2.2.5.RELEASE\spring-boot-starter-jdbc-2.2.5.RELEASE.jar;D:\MAVEN\cangku\com\zaxxer\HikariCP\3.4.2\HikariCP-3.4.2.jar;D:\MAVEN\cangku\org\springframework\spring-jdbc\5.2.4.RELEASE\spring-jdbc-5.2.4.RELEASE.jar;D:\MAVEN\cangku\org\springframework\spring-tx\5.2.4.RELEASE\spring-tx-5.2.4.RELEASE.jar;D:\MAVEN\cangku\org\mybatis\mybatis\3.4.6\mybatis-3.4.6.jar;D:\MAVEN\cangku\org\mybatis\mybatis-spring\1.3.2\mybatis-spring-1.3.2.jar;D:\MAVEN\cangku\tk\mybatis\mapper-core\1.1.5\mapper-core-1.1.5.jar;D:\MAVEN\cangku\javax\persistence\persistence-api\1.0\persistence-api-1.0.jar;D:\MAVEN\cangku\tk\mybatis\mapper-base\1.1.5\mapper-base-1.1.5.jar;D:\MAVEN\cangku\tk\mybatis\mapper-weekend\1.1.5\mapper-weekend-1.1.5.jar;D:\MAVEN\cangku\tk\mybatis\mapper-spring\1.1.5\mapper-spring-1.1.5.jar;D:\MAVEN\cangku\tk\mybatis\mapper-extra\1.1.5\mapper-extra-1.1.5.jar;D:\MAVEN\cangku\tk\mybatis\mapper-spring-boot-autoconfigure\2.1.5\mapper-spring-boot-autoconfigure-2.1.5.jar;D:\MAVEN\cangku\com\github\pagehelper\pagehelper-spring-boot-starter\1.2.3\pagehelper-spring-boot-starter-1.2.3.jar;D:\MAVEN\cangku\com\github\pagehelper\pagehelper-spring-boot-autoconfigure\1.2.3\pagehelper-spring-boot-autoconfigure-1.2.3.jar;D:\MAVEN\cangku\com\github\pagehelper\pagehelper\5.1.2\pagehelper-5.1.2.jar;D:\MAVEN\cangku\com\github\jsqlparser\jsqlparser\1.0\jsqlparser-1.0.jar;D:\MAVEN\cangku\org\springframework\boot\spring-boot-starter-web\2.2.5.RELEASE\spring-boot-starter-web-2.2.5.RELEASE.jar;D:\MAVEN\cangku\org\springframework\boot\spring-boot-starter-json\2.2.5.RELEASE\spring-boot-starter-json-2.2.5.RELEASE.jar;D:\MAVEN\cangku\com\fasterxml\jackson\datatype\jackson-datatype-jdk8\2.10.2\jackson-datatype-jdk8-2.10.2.jar;D:\MAVEN\cangku\com\fasterxml\jackson\datatype\jackson-datatype-jsr310\2.10.2\jackson-datatype-jsr310-2.10.2.jar;D:\MAVEN\cangku\com\fasterxml\jackson\module\jackson-module-parameter-names\2.10.2\jackson-module-parameter-names-2.10.2.jar;D:\MAVEN\cangku\org\springframework\boot\spring-boot-starter-tomcat\2.2.5.RELEASE\spring-boot-starter-tomcat-2.2.5.RELEASE.jar;D:\MAVEN\cangku\org\apache\tomcat\embed\tomcat-embed-core\9.0.31\tomcat-embed-core-9.0.31.jar;D:\MAVEN\cangku\org\apache\tomcat\embed\tomcat-embed-el\9.0.31\tomcat-embed-el-9.0.31.jar;D:\MAVEN\cangku\org\apache\tomcat\embed\tomcat-embed-websocket\9.0.31\tomcat-embed-websocket-9.0.31.jar;D:\MAVEN\cangku\org\springframework\boot\spring-boot-starter-validation\2.2.5.RELEASE\spring-boot-starter-validation-2.2.5.RELEASE.jar;D:\MAVEN\cangku\jakarta\validation\jakarta.validation-api\2.0.2\jakarta.validation-api-2.0.2.jar;D:\MAVEN\cangku\org\hibernate\validator\hibernate-validator\6.0.18.Final\hibernate-validator-6.0.18.Final.jar;D:\MAVEN\cangku\org\jboss\logging\jboss-logging\3.4.1.Final\jboss-logging-3.4.1.Final.jar;D:\MAVEN\cangku\com\fasterxml\classmate\1.5.1\classmate-1.5.1.jar;D:\MAVEN\cangku\org\springframework\spring-web\5.2.4.RELEASE\spring-web-5.2.4.RELEASE.jar;D:\MAVEN\cangku\org\springframework\spring-beans\5.2.4.RELEASE\spring-beans-5.2.4.RELEASE.jar;D:\MAVEN\cangku\org\springframework\spring-webmvc\5.2.4.RELEASE\spring-webmvc-5.2.4.RELEASE.jar;D:\MAVEN\cangku\org\springframework\spring-aop\5.2.4.RELEASE\spring-aop-5.2.4.RELEASE.jar;D:\MAVEN\cangku\org\springframework\spring-context\5.2.4.RELEASE\spring-context-5.2.4.RELEASE.jar;D:\MAVEN\cangku\org\springframework\spring-expression\5.2.4.RELEASE\spring-expression-5.2.4.RELEASE.jar;D:\MAVEN\cangku\org\mybatis\spring\boot\mybatis-spring-boot-starter\2.1.1\mybatis-spring-boot-starter-2.1.1.jar;D:\MAVEN\cangku\org\mybatis\spring\boot\mybatis-spring-boot-autoconfigure\2.1.1\mybatis-spring-boot-autoconfigure-2.1.1.jar;D:\MAVEN\cangku\org\springframework\boot\spring-boot-devtools\2.2.5.RELEASE\spring-boot-devtools-2.2.5.RELEASE.jar;D:\MAVEN\cangku\org\springframework\boot\spring-boot\2.2.5.RELEASE\spring-boot-2.2.5.RELEASE.jar;D:\MAVEN\cangku\org\springframework\boot\spring-boot-autoconfigure\2.2.5.RELEASE\spring-boot-autoconfigure-2.2.5.RELEASE.jar;D:\MAVEN\cangku\mysql\mysql-connector-java\8.0.19\mysql-connector-java-8.0.19.jar;D:\MAVEN\cangku\org\springframework\boot\spring-boot-starter-test\2.2.5.RELEASE\spring-boot-starter-test-2.2.5.RELEASE.jar;D:\MAVEN\cangku\org\springframework\boot\spring-boot-test\2.2.5.RELEASE\spring-boot-test-2.2.5.RELEASE.jar;D:\MAVEN\cangku\org\springframework\boot\spring-boot-test-autoconfigure\2.2.5.RELEASE\spring-boot-test-autoconfigure-2.2.5.RELEASE.jar;D:\MAVEN\cangku\com\jayway\jsonpath\json-path\2.4.0\json-path-2.4.0.jar;D:\MAVEN\cangku\net\minidev\json-smart\2.3\json-smart-2.3.jar;D:\MAVEN\cangku\net\minidev\accessors-smart\1.2\accessors-smart-1.2.jar;D:\MAVEN\cangku\org\ow2\asm\asm\5.0.4\asm-5.0.4.jar;D:\MAVEN\cangku\org\slf4j\slf4j-api\1.7.30\slf4j-api-1.7.30.jar;D:\MAVEN\cangku\jakarta\xml\bind\jakarta.xml.bind-api\2.3.2\jakarta.xml.bind-api-2.3.2.jar;D:\MAVEN\cangku\jakarta\activation\jakarta.activation-api\1.2.2\jakarta.activation-api-1.2.2.jar;D:\MAVEN\cangku\org\junit\jupiter\junit-jupiter\5.5.2\junit-jupiter-5.5.2.jar;D:\MAVEN\cangku\org\junit\jupiter\junit-jupiter-api\5.5.2\junit-jupiter-api-5.5.2.jar;D:\MAVEN\cangku\org\apiguardian\apiguardian-api\1.1.0\apiguardian-api-1.1.0.jar;D:\MAVEN\cangku\org\opentest4j\opentest4j\1.2.0\opentest4j-1.2.0.jar;D:\MAVEN\cangku\org\junit\platform\junit-platform-commons\1.5.2\junit-platform-commons-1.5.2.jar;D:\MAVEN\cangku\org\junit\jupiter\junit-jupiter-params\5.5.2\junit-jupiter-params-5.5.2.jar;D:\MAVEN\cangku\org\junit\jupiter\junit-jupiter-engine\5.5.2\junit-jupiter-engine-5.5.2.jar;D:\MAVEN\cangku\org\junit\platform\junit-platform-engine\1.5.2\junit-platform-engine-1.5.2.jar;D:\MAVEN\cangku\org\mockito\mockito-junit-jupiter\3.1.0\mockito-junit-jupiter-3.1.0.jar;D:\MAVEN\cangku\org\assertj\assertj-core\3.13.2\assertj-core-3.13.2.jar;D:\MAVEN\cangku\org\hamcrest\hamcrest\2.1\hamcrest-2.1.jar;D:\MAVEN\cangku\org\mockito\mockito-core\3.1.0\mockito-core-3.1.0.jar;D:\MAVEN\cangku\net\bytebuddy\byte-buddy\1.10.8\byte-buddy-1.10.8.jar;D:\MAVEN\cangku\net\bytebuddy\byte-buddy-agent\1.10.8\byte-buddy-agent-1.10.8.jar;D:\MAVEN\cangku\org\objenesis\objenesis\2.6\objenesis-2.6.jar;D:\MAVEN\cangku\org\skyscreamer\jsonassert\1.5.0\jsonassert-1.5.0.jar;D:\MAVEN\cangku\com\vaadin\external\google\android-json\0.0.20131108.vaadin1\android-json-0.0.20131108.vaadin1.jar;D:\MAVEN\cangku\org\springframework\spring-core\5.2.4.RELEASE\spring-core-5.2.4.RELEASE.jar;D:\MAVEN\cangku\org\springframework\spring-jcl\5.2.4.RELEASE\spring-jcl-5.2.4.RELEASE.jar;D:\MAVEN\cangku\org\springframework\spring-test\5.2.4.RELEASE\spring-test-5.2.4.RELEASE.jar;D:\MAVEN\cangku\org\xmlunit\xmlunit-core\2.6.3\xmlunit-core-2.6.3.jar;D:\MAVEN\cangku\io\jsonwebtoken\jjwt\0.7.0\jjwt-0.7.0.jar;D:\MAVEN\cangku\com\fasterxml\jackson\core\jackson-databind\2.10.2\jackson-databind-2.10.2.jar;D:\MAVEN\cangku\com\fasterxml\jackson\core\jackson-annotations\2.10.2\jackson-annotations-2.10.2.jar;D:\MAVEN\cangku\com\fasterxml\jackson\core\jackson-core\2.10.2\jackson-core-2.10.2.jar;D:\MAVEN\cangku\org\jetbrains\annotations\19.0.0\annotations-19.0.0.jar;"/>
    <property name="java.vm.vendor" value="Oracle Corporation"/>
    <property name="sun.arch.data.model" value="64"/>
    <property name="user.variant" value=""/>
    <property name="java.vendor.url" value="http://java.oracle.com/"/>
    <property name="user.timezone" value="Asia/Shanghai"/>
    <property name="java.vm.specification.version" value="1.8"/>
    <property name="os.name" value="Windows 7"/>
    <property name="user.country" value="CN"/>
    <property name="sun.java.launcher" value="SUN_STANDARD"/>
    <property name="sun.boot.library.path" value="C:\Program Files\Java\jdk1.8.0_91\jre\bin"/>
    <property name="sun.java.command" value="C:\Users\ADMINI~1\AppData\Local\Temp\surefire7547185206156737586\surefirebooter744682784298718643.jar C:\Users\Administrator\AppData\Local\Temp\surefire7547185206156737586 2020-03-20T19-45-46_882-jvmRun1 surefire7244642576788098434tmp surefire_03544193346533367646tmp"/>
    <property name="surefire.test.class.path" value="E:\school\school-jav\target\test-classes;E:\school\school-jav\target\classes;D:\MAVEN\cangku\com\alibaba\druid\1.1.17\druid-1.1.17.jar;D:\MAVEN\cangku\tk\mybatis\mapper-spring-boot-starter\2.1.5\mapper-spring-boot-starter-2.1.5.jar;D:\MAVEN\cangku\org\springframework\boot\spring-boot-starter\2.2.5.RELEASE\spring-boot-starter-2.2.5.RELEASE.jar;D:\MAVEN\cangku\org\springframework\boot\spring-boot-starter-logging\2.2.5.RELEASE\spring-boot-starter-logging-2.2.5.RELEASE.jar;D:\MAVEN\cangku\ch\qos\logback\logback-classic\1.2.3\logback-classic-1.2.3.jar;D:\MAVEN\cangku\ch\qos\logback\logback-core\1.2.3\logback-core-1.2.3.jar;D:\MAVEN\cangku\org\apache\logging\log4j\log4j-to-slf4j\2.12.1\log4j-to-slf4j-2.12.1.jar;D:\MAVEN\cangku\org\apache\logging\log4j\log4j-api\2.12.1\log4j-api-2.12.1.jar;D:\MAVEN\cangku\org\slf4j\jul-to-slf4j\1.7.30\jul-to-slf4j-1.7.30.jar;D:\MAVEN\cangku\jakarta\annotation\jakarta.annotation-api\1.3.5\jakarta.annotation-api-1.3.5.jar;D:\MAVEN\cangku\org\yaml\snakeyaml\1.25\snakeyaml-1.25.jar;D:\MAVEN\cangku\org\springframework\boot\spring-boot-starter-jdbc\2.2.5.RELEASE\spring-boot-starter-jdbc-2.2.5.RELEASE.jar;D:\MAVEN\cangku\com\zaxxer\HikariCP\3.4.2\HikariCP-3.4.2.jar;D:\MAVEN\cangku\org\springframework\spring-jdbc\5.2.4.RELEASE\spring-jdbc-5.2.4.RELEASE.jar;D:\MAVEN\cangku\org\springframework\spring-tx\5.2.4.RELEASE\spring-tx-5.2.4.RELEASE.jar;D:\MAVEN\cangku\org\mybatis\mybatis\3.4.6\mybatis-3.4.6.jar;D:\MAVEN\cangku\org\mybatis\mybatis-spring\1.3.2\mybatis-spring-1.3.2.jar;D:\MAVEN\cangku\tk\mybatis\mapper-core\1.1.5\mapper-core-1.1.5.jar;D:\MAVEN\cangku\javax\persistence\persistence-api\1.0\persistence-api-1.0.jar;D:\MAVEN\cangku\tk\mybatis\mapper-base\1.1.5\mapper-base-1.1.5.jar;D:\MAVEN\cangku\tk\mybatis\mapper-weekend\1.1.5\mapper-weekend-1.1.5.jar;D:\MAVEN\cangku\tk\mybatis\mapper-spring\1.1.5\mapper-spring-1.1.5.jar;D:\MAVEN\cangku\tk\mybatis\mapper-extra\1.1.5\mapper-extra-1.1.5.jar;D:\MAVEN\cangku\tk\mybatis\mapper-spring-boot-autoconfigure\2.1.5\mapper-spring-boot-autoconfigure-2.1.5.jar;D:\MAVEN\cangku\com\github\pagehelper\pagehelper-spring-boot-starter\1.2.3\pagehelper-spring-boot-starter-1.2.3.jar;D:\MAVEN\cangku\com\github\pagehelper\pagehelper-spring-boot-autoconfigure\1.2.3\pagehelper-spring-boot-autoconfigure-1.2.3.jar;D:\MAVEN\cangku\com\github\pagehelper\pagehelper\5.1.2\pagehelper-5.1.2.jar;D:\MAVEN\cangku\com\github\jsqlparser\jsqlparser\1.0\jsqlparser-1.0.jar;D:\MAVEN\cangku\org\springframework\boot\spring-boot-starter-web\2.2.5.RELEASE\spring-boot-starter-web-2.2.5.RELEASE.jar;D:\MAVEN\cangku\org\springframework\boot\spring-boot-starter-json\2.2.5.RELEASE\spring-boot-starter-json-2.2.5.RELEASE.jar;D:\MAVEN\cangku\com\fasterxml\jackson\datatype\jackson-datatype-jdk8\2.10.2\jackson-datatype-jdk8-2.10.2.jar;D:\MAVEN\cangku\com\fasterxml\jackson\datatype\jackson-datatype-jsr310\2.10.2\jackson-datatype-jsr310-2.10.2.jar;D:\MAVEN\cangku\com\fasterxml\jackson\module\jackson-module-parameter-names\2.10.2\jackson-module-parameter-names-2.10.2.jar;D:\MAVEN\cangku\org\springframework\boot\spring-boot-starter-tomcat\2.2.5.RELEASE\spring-boot-starter-tomcat-2.2.5.RELEASE.jar;D:\MAVEN\cangku\org\apache\tomcat\embed\tomcat-embed-core\9.0.31\tomcat-embed-core-9.0.31.jar;D:\MAVEN\cangku\org\apache\tomcat\embed\tomcat-embed-el\9.0.31\tomcat-embed-el-9.0.31.jar;D:\MAVEN\cangku\org\apache\tomcat\embed\tomcat-embed-websocket\9.0.31\tomcat-embed-websocket-9.0.31.jar;D:\MAVEN\cangku\org\springframework\boot\spring-boot-starter-validation\2.2.5.RELEASE\spring-boot-starter-validation-2.2.5.RELEASE.jar;D:\MAVEN\cangku\jakarta\validation\jakarta.validation-api\2.0.2\jakarta.validation-api-2.0.2.jar;D:\MAVEN\cangku\org\hibernate\validator\hibernate-validator\6.0.18.Final\hibernate-validator-6.0.18.Final.jar;D:\MAVEN\cangku\org\jboss\logging\jboss-logging\3.4.1.Final\jboss-logging-3.4.1.Final.jar;D:\MAVEN\cangku\com\fasterxml\classmate\1.5.1\classmate-1.5.1.jar;D:\MAVEN\cangku\org\springframework\spring-web\5.2.4.RELEASE\spring-web-5.2.4.RELEASE.jar;D:\MAVEN\cangku\org\springframework\spring-beans\5.2.4.RELEASE\spring-beans-5.2.4.RELEASE.jar;D:\MAVEN\cangku\org\springframework\spring-webmvc\5.2.4.RELEASE\spring-webmvc-5.2.4.RELEASE.jar;D:\MAVEN\cangku\org\springframework\spring-aop\5.2.4.RELEASE\spring-aop-5.2.4.RELEASE.jar;D:\MAVEN\cangku\org\springframework\spring-context\5.2.4.RELEASE\spring-context-5.2.4.RELEASE.jar;D:\MAVEN\cangku\org\springframework\spring-expression\5.2.4.RELEASE\spring-expression-5.2.4.RELEASE.jar;D:\MAVEN\cangku\org\mybatis\spring\boot\mybatis-spring-boot-starter\2.1.1\mybatis-spring-boot-starter-2.1.1.jar;D:\MAVEN\cangku\org\mybatis\spring\boot\mybatis-spring-boot-autoconfigure\2.1.1\mybatis-spring-boot-autoconfigure-2.1.1.jar;D:\MAVEN\cangku\org\springframework\boot\spring-boot-devtools\2.2.5.RELEASE\spring-boot-devtools-2.2.5.RELEASE.jar;D:\MAVEN\cangku\org\springframework\boot\spring-boot\2.2.5.RELEASE\spring-boot-2.2.5.RELEASE.jar;D:\MAVEN\cangku\org\springframework\boot\spring-boot-autoconfigure\2.2.5.RELEASE\spring-boot-autoconfigure-2.2.5.RELEASE.jar;D:\MAVEN\cangku\mysql\mysql-connector-java\8.0.19\mysql-connector-java-8.0.19.jar;D:\MAVEN\cangku\org\springframework\boot\spring-boot-starter-test\2.2.5.RELEASE\spring-boot-starter-test-2.2.5.RELEASE.jar;D:\MAVEN\cangku\org\springframework\boot\spring-boot-test\2.2.5.RELEASE\spring-boot-test-2.2.5.RELEASE.jar;D:\MAVEN\cangku\org\springframework\boot\spring-boot-test-autoconfigure\2.2.5.RELEASE\spring-boot-test-autoconfigure-2.2.5.RELEASE.jar;D:\MAVEN\cangku\com\jayway\jsonpath\json-path\2.4.0\json-path-2.4.0.jar;D:\MAVEN\cangku\net\minidev\json-smart\2.3\json-smart-2.3.jar;D:\MAVEN\cangku\net\minidev\accessors-smart\1.2\accessors-smart-1.2.jar;D:\MAVEN\cangku\org\ow2\asm\asm\5.0.4\asm-5.0.4.jar;D:\MAVEN\cangku\org\slf4j\slf4j-api\1.7.30\slf4j-api-1.7.30.jar;D:\MAVEN\cangku\jakarta\xml\bind\jakarta.xml.bind-api\2.3.2\jakarta.xml.bind-api-2.3.2.jar;D:\MAVEN\cangku\jakarta\activation\jakarta.activation-api\1.2.2\jakarta.activation-api-1.2.2.jar;D:\MAVEN\cangku\org\junit\jupiter\junit-jupiter\5.5.2\junit-jupiter-5.5.2.jar;D:\MAVEN\cangku\org\junit\jupiter\junit-jupiter-api\5.5.2\junit-jupiter-api-5.5.2.jar;D:\MAVEN\cangku\org\apiguardian\apiguardian-api\1.1.0\apiguardian-api-1.1.0.jar;D:\MAVEN\cangku\org\opentest4j\opentest4j\1.2.0\opentest4j-1.2.0.jar;D:\MAVEN\cangku\org\junit\platform\junit-platform-commons\1.5.2\junit-platform-commons-1.5.2.jar;D:\MAVEN\cangku\org\junit\jupiter\junit-jupiter-params\5.5.2\junit-jupiter-params-5.5.2.jar;D:\MAVEN\cangku\org\junit\jupiter\junit-jupiter-engine\5.5.2\junit-jupiter-engine-5.5.2.jar;D:\MAVEN\cangku\org\junit\platform\junit-platform-engine\1.5.2\junit-platform-engine-1.5.2.jar;D:\MAVEN\cangku\org\mockito\mockito-junit-jupiter\3.1.0\mockito-junit-jupiter-3.1.0.jar;D:\MAVEN\cangku\org\assertj\assertj-core\3.13.2\assertj-core-3.13.2.jar;D:\MAVEN\cangku\org\hamcrest\hamcrest\2.1\hamcrest-2.1.jar;D:\MAVEN\cangku\org\mockito\mockito-core\3.1.0\mockito-core-3.1.0.jar;D:\MAVEN\cangku\net\bytebuddy\byte-buddy\1.10.8\byte-buddy-1.10.8.jar;D:\MAVEN\cangku\net\bytebuddy\byte-buddy-agent\1.10.8\byte-buddy-agent-1.10.8.jar;D:\MAVEN\cangku\org\objenesis\objenesis\2.6\objenesis-2.6.jar;D:\MAVEN\cangku\org\skyscreamer\jsonassert\1.5.0\jsonassert-1.5.0.jar;D:\MAVEN\cangku\com\vaadin\external\google\android-json\0.0.20131108.vaadin1\android-json-0.0.20131108.vaadin1.jar;D:\MAVEN\cangku\org\springframework\spring-core\5.2.4.RELEASE\spring-core-5.2.4.RELEASE.jar;D:\MAVEN\cangku\org\springframework\spring-jcl\5.2.4.RELEASE\spring-jcl-5.2.4.RELEASE.jar;D:\MAVEN\cangku\org\springframework\spring-test\5.2.4.RELEASE\spring-test-5.2.4.RELEASE.jar;D:\MAVEN\cangku\org\xmlunit\xmlunit-core\2.6.3\xmlunit-core-2.6.3.jar;D:\MAVEN\cangku\io\jsonwebtoken\jjwt\0.7.0\jjwt-0.7.0.jar;D:\MAVEN\cangku\com\fasterxml\jackson\core\jackson-databind\2.10.2\jackson-databind-2.10.2.jar;D:\MAVEN\cangku\com\fasterxml\jackson\core\jackson-annotations\2.10.2\jackson-annotations-2.10.2.jar;D:\MAVEN\cangku\com\fasterxml\jackson\core\jackson-core\2.10.2\jackson-core-2.10.2.jar;D:\MAVEN\cangku\org\jetbrains\annotations\19.0.0\annotations-19.0.0.jar;"/>
    <property name="sun.cpu.endian" value="little"/>
    <property name="user.home" value="C:\Users\Administrator"/>
    <property name="user.language" value="zh"/>
    <property name="java.specification.vendor" value="Oracle Corporation"/>
    <property name="java.home" value="C:\Program Files\Java\jdk1.8.0_91\jre"/>
    <property name="basedir" value="E:\school\school-jav"/>
    <property name="file.separator" value="\"/>
    <property name="line.separator" value="&#10;"/>
    <property name="java.vm.specification.vendor" value="Oracle Corporation"/>
    <property name="java.specification.name" value="Java Platform API Specification"/>
    <property name="java.awt.graphicsenv" value="sun.awt.Win32GraphicsEnvironment"/>
    <property name="surefire.real.class.path" value="C:\Users\ADMINI~1\AppData\Local\Temp\surefire7547185206156737586\surefirebooter744682784298718643.jar"/>
    <property name="sun.boot.class.path" value="C:\Program Files\Java\jdk1.8.0_91\jre\lib\resources.jar;C:\Program Files\Java\jdk1.8.0_91\jre\lib\rt.jar;C:\Program Files\Java\jdk1.8.0_91\jre\lib\sunrsasign.jar;C:\Program Files\Java\jdk1.8.0_91\jre\lib\jsse.jar;C:\Program Files\Java\jdk1.8.0_91\jre\lib\jce.jar;C:\Program Files\Java\jdk1.8.0_91\jre\lib\charsets.jar;C:\Program Files\Java\jdk1.8.0_91\jre\lib\jfr.jar;C:\Program Files\Java\jdk1.8.0_91\jre\classes"/>
    <property name="user.script" value=""/>
    <property name="sun.management.compiler" value="HotSpot 64-Bit Tiered Compilers"/>
    <property name="java.runtime.version" value="1.8.0_91-b15"/>
    <property name="user.name" value="Administrator"/>
    <property name="path.separator" value=";"/>
    <property name="os.version" value="6.1"/>
    <property name="java.endorsed.dirs" value="C:\Program Files\Java\jdk1.8.0_91\jre\lib\endorsed"/>
    <property name="java.runtime.name" value="Java(TM) SE Runtime Environment"/>
    <property name="file.encoding" value="GBK"/>
    <property name="java.vm.name" value="Java HotSpot(TM) 64-Bit Server VM"/>
    <property name="localRepository" value="D:\MAVEN\cangku"/>
    <property name="java.vendor.url.bug" value="http://bugreport.sun.com/bugreport/"/>
    <property name="java.io.tmpdir" value="C:\Users\ADMINI~1\AppData\Local\Temp\"/>
    <property name="java.version" value="1.8.0_91"/>
    <property name="user.dir" value="E:\school\school-jav"/>
    <property name="os.arch" value="amd64"/>
    <property name="java.vm.specification.name" value="Java Virtual Machine Specification"/>
    <property name="java.awt.printerjob" value="sun.awt.windows.WPrinterJob"/>
    <property name="idea.version2019.3.1" value="true"/>
    <property name="sun.os.patch.level" value="Service Pack 1"/>
    <property name="java.library.path" value="C:\Program Files\Java\jdk1.8.0_91\jre\bin;C:\Windows\Sun\Java\bin;C:\Windows\system32;C:\Windows;D:\;C:\Windows\system32;C:\Windows;C:\Windows\System32\Wbem;C:\Windows\System32\WindowsPowerShell\v1.0\;C:\Program Files\Java\jdk1.8.0_91\bin;C:\Program Files\Java\jdk1.8.0_91\jre\bin;D:\Redis\;E:\apache-maven-3.5.3\bin;D:\Node.js\;C:\Program Files\TortoiseSVN\bin;C:\Program Files\Git\cmd;C:\Users\Administrator\AppData\Roaming\npm;."/>
    <property name="java.vm.info" value="mixed mode"/>
    <property name="java.vendor" value="Oracle Corporation"/>
    <property name="java.vm.version" value="25.91-b15"/>
    <property name="java.ext.dirs" value="C:\Program Files\Java\jdk1.8.0_91\jre\lib\ext;C:\Windows\Sun\Java\lib\ext"/>
    <property name="sun.io.unicode.encoding" value="UnicodeLittle"/>
    <property name="java.class.version" value="52.0"/>
  </properties>
  <testcase name="contextLoads" classname="com.jf.school.SchoolApplicationTests" time="10.459"/>
</testsuite>